<?xml version="1.0" encoding="UTF-8"?>
<!-- Generated by org.testng.reporters.JUnitXMLReporter -->
<testsuite hostname="HIJ-LP526" ignored="1" name="Manage Tests" tests="2" failures="2" timestamp="11 Nov 2020 07:16:39 GMT" time="5.353" errors="0">
  <testcase name="createUser_validInputs" time="2.926" classname="fakeTestcases.CreateUser">
    <failure type="java.lang.AssertionError">
      <![CDATA[java.lang.AssertionError
	at fakeTestcases.CreateUser.createUser_validInputs(CreateUser.java:68)
... Removed 25 stack frames]]>
    </failure>
  </testcase> <!-- createUser_validInputs -->
  <testcase name="deleteUser_validInputs" time="2.365" classname="fakeTestcases.DeleteUser">
    <failure type="java.lang.AssertionError">
      <![CDATA[java.lang.AssertionError
	at fakeTestcases.DeleteUser.deleteUser_validInputs(DeleteUser.java:70)
... Removed 25 stack frames]]>
    </failure>
  </testcase> <!-- deleteUser_validInputs -->
  <testcase name="@BeforeSuite configure" time="0.0" classname="baseTest.TestBase">
    <ignored/>
  </testcase> <!-- @BeforeSuite configure -->
</testsuite> <!-- Manage Tests -->
